# JRE version: Java(TM) SE Runtime Environment (8.0_74-b02) (build 1.8.0_74-b02)
# Java VM: Java HotSpot(TM) 64-Bit Server VM (25.74-b02 mixed mode windows-amd64 compressed oops)
Heap:
 PSYoungGen      total 144896K, used 78375K [0x00000000e0000000, 0x00000000ec080000, 0x0000000100000000)
  eden space 132608K, 49% used [0x00000000e0000000,0x00000000e408df68,0x00000000e8180000)
  from space 12288K, 99% used [0x00000000e8180000,0x00000000e8d7be08,0x00000000e8d80000)
  to   space 16384K, 0% used [0x00000000eb080000,0x00000000eb080000,0x00000000ec080000)
 ParOldGen       total 104448K, used 23329K [0x00000000a0000000, 0x00000000a6600000, 0x00000000e0000000)
  object space 104448K, 22% used [0x00000000a0000000,0x00000000a16c8458,0x00000000a6600000)
 Metaspace       used 49963K, capacity 51616K, committed 51928K, reserved 1093632K
  class space    used 6920K, capacity 7341K, committed 7424K, reserved 1048576K
GC Heap History (10 events):
Event: 6.264 GC heap before
{Heap before GC invocations=7 (full 1):
 PSYoungGen      total 71680K, used 71670K [0x00000000e0000000, 0x00000000e7480000, 0x0000000100000000)
  eden space 66560K, 100% used [0x00000000e0000000,0x00000000e4100000,0x00000000e4100000)
  from space 5120K, 99% used [0x00000000e4100000,0x00000000e45fdae0,0x00000000e4600000)
  to   space 11264K, 0% used [0x00000000e6980000,0x00000000e6980000,0x00000000e7480000)
 ParOldGen       total 65536K, used 12533K [0x00000000a0000000, 0x00000000a4000000, 0x00000000e0000000)
  object space 65536K, 19% used [0x00000000a0000000,0x00000000a0c3d578,0x00000000a4000000)
 Metaspace       used 30093K, capacity 30684K, committed 30848K, reserved 1075200K
  class space    used 4192K, capacity 4376K, committed 4480K, reserved 1048576K
Event: 6.276 GC heap after
Heap after GC invocations=7 (full 1):
 PSYoungGen      total 104960K, used 7313K [0x00000000e0000000, 0x00000000e7280000, 0x0000000100000000)
  eden space 95744K, 0% used [0x00000000e0000000,0x00000000e0000000,0x00000000e5d80000)
  from space 9216K, 79% used [0x00000000e6980000,0x00000000e70a47c0,0x00000000e7280000)
  to   space 10752K, 0% used [0x00000000e5d80000,0x00000000e5d80000,0x00000000e6800000)
 ParOldGen       total 65536K, used 12541K [0x00000000a0000000, 0x00000000a4000000, 0x00000000e0000000)
  object space 65536K, 19% used [0x00000000a0000000,0x00000000a0c3f578,0x00000000a4000000)
 Metaspace       used 30093K, capacity 30684K, committed 30848K, reserved 1075200K
  class space    used 4192K, capacity 4376K, committed 4480K, reserved 1048576K
}
Event: 7.621 GC heap before
{Heap before GC invocations=8 (full 1):
 PSYoungGen      total 104960K, used 47547K [0x00000000e0000000, 0x00000000e7280000, 0x0000000100000000)
  eden space 95744K, 42% used [0x00000000e0000000,0x00000000e274a450,0x00000000e5d80000)
  from space 9216K, 79% used [0x00000000e6980000,0x00000000e70a47c0,0x00000000e7280000)
  to   space 10752K, 0% used [0x00000000e5d80000,0x00000000e5d80000,0x00000000e6800000)
 ParOldGen       total 65536K, used 12541K [0x00000000a0000000, 0x00000000a4000000, 0x00000000e0000000)
  object space 65536K, 19% used [0x00000000a0000000,0x00000000a0c3f578,0x00000000a4000000)
 Metaspace       used 34524K, capacity 35234K, committed 35416K, reserved 1079296K
  class space    used 4762K, capacity 4980K, committed 4992K, reserved 1048576K
Event: 7.633 GC heap after
Heap after GC invocations=8 (full 1):
 PSYoungGen      total 106496K, used 10633K [0x00000000e0000000, 0x00000000e9b80000, 0x0000000100000000)
  eden space 95744K, 0% used [0x00000000e0000000,0x00000000e0000000,0x00000000e5d80000)
  from space 10752K, 98% used [0x00000000e5d80000,0x00000000e67e2468,0x00000000e6800000)
  to   space 11776K, 0% used [0x00000000e9000000,0x00000000e9000000,0x00000000e9b80000)
 ParOldGen       total 65536K, used 12613K [0x00000000a0000000, 0x00000000a4000000, 0x00000000e0000000)
  object space 65536K, 19% used [0x00000000a0000000,0x00000000a0c51588,0x00000000a4000000)
 Metaspace       used 34524K, capacity 35234K, committed 35416K, reserved 1079296K
  class space    used 4762K, capacity 4980K, committed 4992K, reserved 1048576K
}
Event: 7.633 GC heap before
{Heap before GC invocations=9 (full 2):
 PSYoungGen      total 106496K, used 10633K [0x00000000e0000000, 0x00000000e9b80000, 0x0000000100000000)
  eden space 95744K, 0% used [0x00000000e0000000,0x00000000e0000000,0x00000000e5d80000)
  from space 10752K, 98% used [0x00000000e5d80000,0x00000000e67e2468,0x00000000e6800000)
  to   space 11776K, 0% used [0x00000000e9000000,0x00000000e9000000,0x00000000e9b80000)
 ParOldGen       total 65536K, used 12613K [0x00000000a0000000, 0x00000000a4000000, 0x00000000e0000000)
  object space 65536K, 19% used [0x00000000a0000000,0x00000000a0c51588,0x00000000a4000000)
 Metaspace       used 34524K, capacity 35234K, committed 35416K, reserved 1079296K
  class space    used 4762K, capacity 4980K, committed 4992K, reserved 1048576K
Event: 7.720 GC heap after
Heap after GC invocations=9 (full 2):
 PSYoungGen      total 106496K, used 0K [0x00000000e0000000, 0x00000000e9b80000, 0x0000000100000000)
  eden space 95744K, 0% used [0x00000000e0000000,0x00000000e0000000,0x00000000e5d80000)
  from space 10752K, 0% used [0x00000000e5d80000,0x00000000e5d80000,0x00000000e6800000)
  to   space 11776K, 0% used [0x00000000e9000000,0x00000000e9000000,0x00000000e9b80000)
 ParOldGen       total 104448K, used 16914K [0x00000000a0000000, 0x00000000a6600000, 0x00000000e0000000)
  object space 104448K, 16% used [0x00000000a0000000,0x00000000a1084958,0x00000000a6600000)
 Metaspace       used 34524K, capacity 35234K, committed 35416K, reserved 1079296K
  class space    used 4762K, capacity 4980K, committed 4992K, reserved 1048576K
}
Event: 8.847 GC heap before
{Heap before GC invocations=10 (full 2):
 PSYoungGen      total 106496K, used 95744K [0x00000000e0000000, 0x00000000e9b80000, 0x0000000100000000)
  eden space 95744K, 100% used [0x00000000e0000000,0x00000000e5d80000,0x00000000e5d80000)
  from space 10752K, 0% used [0x00000000e5d80000,0x00000000e5d80000,0x00000000e6800000)
  to   space 11776K, 0% used [0x00000000e9000000,0x00000000e9000000,0x00000000e9b80000)
 ParOldGen       total 104448K, used 16914K [0x00000000a0000000, 0x00000000a6600000, 0x00000000e0000000)
  object space 104448K, 16% used [0x00000000a0000000,0x00000000a1084958,0x00000000a6600000)
 Metaspace       used 38330K, capacity 39186K, committed 39256K, reserved 1083392K
  class space    used 5246K, capacity 5470K, committed 5504K, reserved 1048576K
Event: 8.859 GC heap after
Heap after GC invocations=10 (full 2):
 PSYoungGen      total 142336K, used 9556K [0x00000000e0000000, 0x00000000e9980000, 0x0000000100000000)
  eden space 132608K, 0% used [0x00000000e0000000,0x00000000e0000000,0x00000000e8180000)
  from space 9728K, 98% used [0x00000000e9000000,0x00000000e99551b8,0x00000000e9980000)
  to   space 12288K, 0% used [0x00000000e8180000,0x00000000e8180000,0x00000000e8d80000)
 ParOldGen       total 104448K, used 16922K [0x00000000a0000000, 0x00000000a6600000, 0x00000000e0000000)
  object space 104448K, 16% used [0x00000000a0000000,0x00000000a1086958,0x00000000a6600000)
 Metaspace       used 38330K, capacity 39186K, committed 39256K, reserved 1083392K
  class space    used 5246K, capacity 5470K, committed 5504K, reserved 1048576K
}
Event: 13.212 GC heap before
{Heap before GC invocations=11 (full 2):
 PSYoungGen      total 142336K, used 142164K [0x00000000e0000000, 0x00000000e9980000, 0x0000000100000000)
  eden space 132608K, 100% used [0x00000000e0000000,0x00000000e8180000,0x00000000e8180000)
  from space 9728K, 98% used [0x00000000e9000000,0x00000000e99551b8,0x00000000e9980000)
  to   space 12288K, 0% used [0x00000000e8180000,0x00000000e8180000,0x00000000e8d80000)
 ParOldGen       total 104448K, used 16922K [0x00000000a0000000, 0x00000000a6600000, 0x00000000e0000000)
  object space 104448K, 16% used [0x00000000a0000000,0x00000000a1086958,0x00000000a6600000)
 Metaspace       used 47114K, capacity 48442K, committed 48600K, reserved 1091584K
  class space    used 6472K, capacity 6789K, committed 6912K, reserved 1048576K
Event: 13.271 GC heap after
Heap after GC invocations=11 (full 2):
 PSYoungGen      total 144896K, used 12271K [0x00000000e0000000, 0x00000000ec080000, 0x0000000100000000)
  eden space 132608K, 0% used [0x00000000e0000000,0x00000000e0000000,0x00000000e8180000)
  from space 12288K, 99% used [0x00000000e8180000,0x00000000e8d7be08,0x00000000e8d80000)
  to   space 16384K, 0% used [0x00000000eb080000,0x00000000eb080000,0x00000000ec080000)
 ParOldGen       total 104448K, used 23329K [0x00000000a0000000, 0x00000000a6600000, 0x00000000e0000000)
  object space 104448K, 22% used [0x00000000a0000000,0x00000000a16c8458,0x00000000a6600000)
 Metaspace       used 47114K, capacity 48442K, committed 48600K, reserved 1091584K
  class space    used 6472K, capacity 6789K, committed 6912K, reserved 1048576K
}

